<?xml version="1.0" encoding="UTF-8"?>
<!-- Generated by org.testng.reporters.JUnitReportReporter -->
<testsuite hostname="LAPTOP-RGMCSVCU" failures="0" tests="1" name="framewok1.KeyShridhar1" time="35.130" errors="0" timestamp="2023-06-05T16:43:34 IST" skipped="0">
  <testcase classname="framewok1.KeyShridhar1" name="scroll" time="35.130"/>
  <system-out/>
</testsuite> <!-- framewok1.KeyShridhar1 -->
