<?xml version="1.0" encoding="UTF-8"?>
<!-- Generated by org.testng.reporters.JUnitReportReporter -->
<testsuite hostname="LAPTOP-RGMCSVCU" failures="0" tests="3" name="framewok1.SwaglabExcel" time="41.264" errors="0" timestamp="2023-05-30T23:11:36 IST" skipped="0">
  <testcase classname="framewok1.SwaglabExcel" name="login" time="11.348"/>
  <system-out/>
  <testcase classname="framewok1.SwaglabExcel" name="login" time="18.840"/>
  <system-out/>
  <testcase classname="framewok1.SwaglabExcel" name="login" time="11.076"/>
  <system-out/>
</testsuite> <!-- framewok1.SwaglabExcel -->
