<?xml version="1.0" encoding="UTF-8"?>
<!-- Generated by org.testng.reporters.JUnitReportReporter -->
<testsuite hostname="LAPTOP-RGMCSVCU" failures="0" tests="1" name="framewok1.WindowsHandle" time="26.008" errors="0" timestamp="2023-06-07T06:39:28 IST" skipped="0">
  <testcase classname="framewok1.WindowsHandle" name="handle" time="26.008"/>
  <system-out/>
</testsuite> <!-- framewok1.WindowsHandle -->
