<?xml version="1.0" encoding="UTF-8"?>
<!-- Generated by org.testng.reporters.JUnitReportReporter -->
<testsuite hostname="LAPTOP-RGMCSVCU" failures="0" tests="1" name="testng.com.AlertHandling3" time="8.085" errors="0" timestamp="2023-06-03T15:13:07 IST" skipped="0">
  <testcase classname="testng.com.AlertHandling3" name="demo" time="8.085"/>
  <system-out/>
</testsuite> <!-- testng.com.AlertHandling3 -->
