<?xml version="1.0" encoding="UTF-8"?>
<!-- Generated by org.testng.reporters.JUnitReportReporter -->
<testsuite hostname="LAPTOP-RGMCSVCU" failures="0" tests="5" name="testng.com.Priority" time="0.019" errors="0" timestamp="2023-05-26T15:55:54 IST" skipped="0">
  <testcase classname="testng.com.Priority" name="c" time="0.009"/>
  <system-out/>
  <testcase classname="testng.com.Priority" name="d" time="0.002"/>
  <system-out/>
  <testcase classname="testng.com.Priority" name="b" time="0.002"/>
  <system-out/>
  <testcase classname="testng.com.Priority" name="e" time="0.004"/>
  <system-out/>
  <testcase classname="testng.com.Priority" name="a" time="0.002"/>
  <system-out/>
</testsuite> <!-- testng.com.Priority -->
