<?xml version="1.0" encoding="UTF-8"?>
<!-- Generated by org.testng.reporters.JUnitReportReporter -->
<testsuite hostname="LAPTOP-RGMCSVCU" failures="0" tests="1" name="nucotautomation.Sss" time="0.010" errors="0" timestamp="2023-05-21T10:06:40 IST" skipped="0">
  <testcase classname="nucotautomation.Sss" name="test" time="0.010"/>
  <system-out/>
</testsuite> <!-- nucotautomation.Sss -->
