<?xml version="1.0" encoding="UTF-8"?>
<!-- Generated by org.testng.reporters.JUnitReportReporter -->
<testsuite hostname="LAPTOP-RGMCSVCU" failures="0" tests="1" name="framewok1.Screenshot" time="5.214" errors="0" timestamp="2023-06-07T13:49:16 IST" skipped="0">
  <testcase classname="framewok1.Screenshot" name="screenshot" time="5.214"/>
  <system-out/>
</testsuite> <!-- framewok1.Screenshot -->
