<?xml version="1.0" encoding="UTF-8"?>
<!-- Generated by org.testng.reporters.JUnitReportReporter -->
<testsuite hostname="LAPTOP-RGMCSVCU" failures="0" tests="5" name="testng.com.Chainlink" time="0.030" errors="0" timestamp="2023-05-27T18:57:52 IST" skipped="0">
  <testcase classname="testng.com.Chainlink" name="google" time="0.009"/>
  <system-out/>
  <testcase classname="testng.com.Chainlink" name="login" time="0.002"/>
  <system-out/>
  <testcase classname="testng.com.Chainlink" name="homepage" time="0.005"/>
  <system-out/>
  <testcase classname="testng.com.Chainlink" name="productlist" time="0.009"/>
  <system-out/>
  <testcase classname="testng.com.Chainlink" name="addtocartpage" time="0.005"/>
  <system-out/>
</testsuite> <!-- testng.com.Chainlink -->
