<?xml version="1.0" encoding="UTF-8"?>
<!-- Generated by org.testng.reporters.JUnitReportReporter -->
<testsuite hostname="LAPTOP-RGMCSVCU" failures="0" tests="10" name="testng.com.InvocationCount" time="0.046" errors="0" timestamp="2023-05-26T15:16:49 IST" skipped="0">
  <testcase classname="testng.com.InvocationCount" name="sridhar" time="0.002"/>
  <system-out/>
  <testcase classname="testng.com.InvocationCount" name="sridhar" time="0.005"/>
  <system-out/>
  <testcase classname="testng.com.InvocationCount" name="sridhar" time="0.018"/>
  <system-out/>
  <testcase classname="testng.com.InvocationCount" name="sridhar" time="0.005"/>
  <system-out/>
  <testcase classname="testng.com.InvocationCount" name="sridhar" time="0.003"/>
  <system-out/>
  <testcase classname="testng.com.InvocationCount" name="shivu" time="0.002"/>
  <system-out/>
  <testcase classname="testng.com.InvocationCount" name="shivu" time="0.002"/>
  <system-out/>
  <testcase classname="testng.com.InvocationCount" name="chandu" time="0.003"/>
  <system-out/>
  <testcase classname="testng.com.InvocationCount" name="chandu" time="0.003"/>
  <system-out/>
  <testcase classname="testng.com.InvocationCount" name="chandu" time="0.003"/>
  <system-out/>
</testsuite> <!-- testng.com.InvocationCount -->
