<?xml version="1.0" encoding="UTF-8"?>
<!-- Generated by org.testng.reporters.JUnitReportReporter -->
<testsuite hostname="LAPTOP-RGMCSVCU" failures="0" tests="1" name="testng.com.ExceptionTestng" time="0.015" errors="0" timestamp="2023-05-27T10:01:16 IST" skipped="0">
  <testcase classname="testng.com.ExceptionTestng" name="shridhar" time="0.015"/>
  <system-out/>
</testsuite> <!-- testng.com.ExceptionTestng -->
