<?xml version="1.0" encoding="UTF-8"?>
<!-- Generated by org.testng.reporters.JUnitReportReporter -->
<testsuite hostname="LAPTOP-RGMCSVCU" failures="0" tests="1" name="framewok1.KeyShridhar3" time="20.718" errors="0" timestamp="2023-06-05T17:20:57 IST" skipped="0">
  <testcase classname="framewok1.KeyShridhar3" name="copypaste" time="20.718"/>
  <system-out/>
</testsuite> <!-- framewok1.KeyShridhar3 -->
