<?xml version="1.0" encoding="UTF-8"?>
<!-- Generated by org.testng.reporters.JUnitReportReporter -->
<testsuite hostname="LAPTOP-RGMCSVCU" failures="0" tests="1" name="RealTime" time="9.963" errors="0" timestamp="2023-06-03T08:33:52 IST" skipped="0">
  <testcase classname="RealTime" name="real" time="9.963"/>
  <system-out/>
</testsuite> <!-- RealTime -->
