<?xml version="1.0" encoding="UTF-8"?>
<!-- Generated by org.testng.reporters.JUnitReportReporter -->
<testsuite hostname="LAPTOP-RGMCSVCU" failures="0" tests="1" name="testng.com.AlertHandling2" time="10.763" errors="0" timestamp="2023-06-03T15:04:04 IST" skipped="0">
  <testcase classname="testng.com.AlertHandling2" name="demo" time="10.763"/>
  <system-out/>
</testsuite> <!-- testng.com.AlertHandling2 -->
