<?xml version="1.0" encoding="UTF-8"?>
<!-- Generated by org.testng.reporters.JUnitReportReporter -->
<testsuite hostname="LAPTOP-RGMCSVCU" failures="0" tests="2" name="testng.com.FacebookScript" time="31.127" errors="0" timestamp="2023-05-26T16:21:16 IST" skipped="0">
  <testcase classname="testng.com.FacebookScript" name="loginpage" time="22.297"/>
  <system-out/>
  <testcase classname="testng.com.FacebookScript" name="gettitle" time="8.830"/>
  <system-out/>
</testsuite> <!-- testng.com.FacebookScript -->
