<?xml version="1.0" encoding="UTF-8"?>
<!-- Generated by org.testng.reporters.JUnitReportReporter -->
<testsuite hostname="LAPTOP-RGMCSVCU" failures="0" tests="1" name="framewok1.KeyShridhar2" time="13.678" errors="0" timestamp="2023-06-05T16:56:59 IST" skipped="0">
  <testcase classname="framewok1.KeyShridhar2" name="Shift" time="13.678"/>
  <system-out/>
</testsuite> <!-- framewok1.KeyShridhar2 -->
