<?xml version="1.0" encoding="UTF-8"?>
<!-- Generated by org.testng.reporters.JUnitReportReporter -->
<testsuite hostname="LAPTOP-RGMCSVCU" failures="0" tests="3" name="testng.com.Datap" time="30.778" errors="0" timestamp="2023-05-29T16:45:29 IST" skipped="0">
  <testcase classname="testng.com.Datap" name="login" time="11.618"/>
  <system-out/>
  <testcase classname="testng.com.Datap" name="login" time="9.549"/>
  <system-out/>
  <testcase classname="testng.com.Datap" name="login" time="9.611"/>
  <system-out/>
</testsuite> <!-- testng.com.Datap -->
