<?xml version="1.0" encoding="UTF-8"?>
<!-- Generated by org.testng.reporters.JUnitReportReporter -->
<testsuite hostname="LAPTOP-RGMCSVCU" failures="0" tests="2" name="testng.com.AssertionConcept" time="13.077" errors="0" timestamp="2023-05-27T19:56:21 IST" skipped="0">
  <testcase classname="testng.com.AssertionConcept" name="loginpage" time="8.550"/>
  <system-out/>
  <testcase classname="testng.com.AssertionConcept" name="test" time="4.527"/>
  <system-out>
    <![CDATA[Log in to Facebook]]>
  </system-out>
</testsuite> <!-- testng.com.AssertionConcept -->
