<?xml version="1.0" encoding="UTF-8"?>
<!-- Generated by org.testng.reporters.JUnitReportReporter -->
<testsuite hostname="LAPTOP-RGMCSVCU" failures="0" tests="2" name="testng.com.Dependson" time="8.676" errors="0" timestamp="2023-05-27T14:38:54 IST" skipped="0">
  <testcase classname="testng.com.Dependson" name="gettitle" time="0.061"/>
  <system-out/>
  <testcase classname="testng.com.Dependson" name="enterurl" time="8.615"/>
  <system-out/>
</testsuite> <!-- testng.com.Dependson -->
