<?xml version="1.0" encoding="UTF-8"?>
<!-- Generated by org.testng.reporters.JUnitReportReporter -->
<testsuite hostname="LAPTOP-RGMCSVCU" failures="0" tests="2" name="testng.com.AmazonAnnotationPractice" time="23.169" errors="0" timestamp="2023-05-26T16:21:16 IST" skipped="0">
  <testcase classname="testng.com.AmazonAnnotationPractice" name="currenturl" time="11.580"/>
  <system-out/>
  <testcase classname="testng.com.AmazonAnnotationPractice" name="title" time="11.589"/>
  <system-out/>
</testsuite> <!-- testng.com.AmazonAnnotationPractice -->
