<?xml version="1.0" encoding="UTF-8"?>
<!-- Generated by org.testng.reporters.JUnitReportReporter -->
<testsuite hostname="LAPTOP-RGMCSVCU" failures="0" tests="1" name="testng.com.Keyboardaction1" time="10.553" errors="0" timestamp="2023-06-04T07:52:45 IST" skipped="0">
  <testcase classname="testng.com.Keyboardaction1" name="keyboard" time="10.553"/>
  <system-out/>
</testsuite> <!-- testng.com.Keyboardaction1 -->
