<?xml version="1.0" encoding="UTF-8"?>
<!-- Generated by org.testng.reporters.JUnitReportReporter -->
<testsuite hostname="LAPTOP-RGMCSVCU" failures="0" tests="2" name="testng.com.Parameterization" time="18.031" errors="0" timestamp="2023-05-27T18:36:33 IST" skipped="0">
  <testcase classname="testng.com.Parameterization" name="operate" time="7.756"/>
  <system-out/>
  <testcase classname="testng.com.Parameterization" name="launch" time="10.275"/>
  <system-out/>
</testsuite> <!-- testng.com.Parameterization -->
