<?xml version="1.0" encoding="UTF-8"?>
<!-- Generated by org.testng.reporters.JUnitReportReporter -->
<testsuite hostname="LAPTOP-RGMCSVCU" failures="0" tests="2" name="framewok1.FullyAutomation" time="24.079" errors="0" timestamp="2023-06-08T20:50:31 IST" skipped="0">
  <testcase classname="framewok1.FullyAutomation" name="radio" time="10.478"/>
  <system-out/>
  <testcase classname="framewok1.FullyAutomation" name="autosuggetiondrop" time="13.601"/>
  <system-out/>
</testsuite> <!-- framewok1.FullyAutomation -->
