<?xml version="1.0" encoding="UTF-8"?>
<!-- Generated by org.testng.reporters.JUnitReportReporter -->
<testsuite hostname="LAPTOP-RGMCSVCU" failures="0" tests="1" name="testng.com.MouseOver2" time="13.289" errors="0" timestamp="2023-06-04T19:04:38 IST" skipped="0">
  <testcase classname="testng.com.MouseOver2" name="scroll" time="13.289"/>
  <system-out/>
</testsuite> <!-- testng.com.MouseOver2 -->
