<?xml version="1.0" encoding="UTF-8"?>
<!-- Generated by org.testng.reporters.JUnitReportReporter -->
<testsuite hostname="LAPTOP-RGMCSVCU" failures="0" tests="1" name="framewok1.Sridhar2" time="38.864" errors="0" timestamp="2023-06-05T15:53:43 IST" skipped="0">
  <testcase classname="framewok1.Sridhar2" name="scroll" time="38.864"/>
  <system-out/>
</testsuite> <!-- framewok1.Sridhar2 -->
