<?xml version="1.0" encoding="UTF-8"?>
<!-- Generated by org.testng.reporters.JUnitReportReporter -->
<testsuite hostname="LAPTOP-RGMCSVCU" failures="0" tests="2" name="framewok1.Salesforce" time="19.550" errors="0" timestamp="2023-05-29T16:14:33 IST" skipped="0">
  <testcase classname="framewok1.Salesforce" name="login" time="13.021"/>
  <system-out/>
  <testcase classname="framewok1.Salesforce" name="gettitle" time="6.529"/>
  <system-out/>
</testsuite> <!-- framewok1.Salesforce -->
