<?xml version="1.0" encoding="UTF-8"?>
<!-- Generated by org.testng.reporters.JUnitReportReporter -->
<testsuite hostname="LAPTOP-RGMCSVCU" failures="0" tests="3" name="testng.com.Dataproviding" time="40.604" errors="0" timestamp="2023-05-26T16:21:16 IST" skipped="0">
  <testcase classname="testng.com.Dataproviding" name="swag" time="14.220"/>
  <system-out/>
  <testcase classname="testng.com.Dataproviding" name="swag" time="15.978"/>
  <system-out/>
  <testcase classname="testng.com.Dataproviding" name="swag" time="10.406"/>
  <system-out/>
</testsuite> <!-- testng.com.Dataproviding -->
