<?xml version="1.0" encoding="UTF-8"?>
<!-- Generated by org.testng.reporters.JUnitReportReporter -->
<testsuite hostname="LAPTOP-RGMCSVCU" failures="0" tests="5" name="testng.com.PriorityInvoExcept" time="0.022" errors="0" timestamp="2023-05-26T15:09:22 IST" skipped="0">
  <testcase classname="testng.com.PriorityInvoExcept" name="c" time="0.010"/>
  <system-out/>
  <testcase classname="testng.com.PriorityInvoExcept" name="d" time="0.002"/>
  <system-out/>
  <testcase classname="testng.com.PriorityInvoExcept" name="b" time="0.004"/>
  <system-out/>
  <testcase classname="testng.com.PriorityInvoExcept" name="e" time="0.005"/>
  <system-out/>
  <testcase classname="testng.com.PriorityInvoExcept" name="a" time="0.001"/>
  <system-out/>
</testsuite> <!-- testng.com.PriorityInvoExcept -->
