<?xml version="1.0" encoding="UTF-8"?>
<!-- Generated by org.testng.reporters.JUnitReportReporter -->
<testsuite hostname="LAPTOP-RGMCSVCU" failures="0" tests="2" name="testng.com.Testing" time="17.554" errors="0" timestamp="2023-05-26T16:21:16 IST" skipped="0">
  <testcase classname="testng.com.Testing" name="url" time="12.499"/>
  <system-out/>
  <testcase classname="testng.com.Testing" name="title" time="5.055"/>
  <system-out/>
</testsuite> <!-- testng.com.Testing -->
