<?xml version="1.0" encoding="UTF-8"?>
<!-- Generated by org.testng.reporters.JUnitReportReporter -->
<testsuite hostname="LAPTOP-RGMCSVCU" failures="0" tests="2" name="framewok1.Swaglabs" time="22.584" errors="0" timestamp="2023-05-29T16:14:33 IST" skipped="0">
  <testcase classname="framewok1.Swaglabs" name="login" time="13.750"/>
  <system-out/>
  <testcase classname="framewok1.Swaglabs" name="gettitle" time="8.834"/>
  <system-out/>
</testsuite> <!-- framewok1.Swaglabs -->
