<?xml version="1.0" encoding="UTF-8"?>
<!-- Generated by org.testng.reporters.JUnitReportReporter -->
<testsuite hostname="LAPTOP-RGMCSVCU" failures="0" tests="1" name="testng.com.Links" time="9.935" errors="0" timestamp="2023-06-02T10:43:25 IST" skipped="0">
  <testcase classname="testng.com.Links" name="alllinks" time="9.935"/>
  <system-out/>
</testsuite> <!-- testng.com.Links -->
