<?xml version="1.0" encoding="UTF-8"?>
<!-- Generated by org.testng.reporters.JUnitReportReporter -->
<testsuite hostname="LAPTOP-RGMCSVCU" failures="0" tests="1" name="framewok1.Sridhar1" time="15.712" errors="0" timestamp="2023-06-05T15:37:31 IST" skipped="0">
  <testcase classname="framewok1.Sridhar1" name="dragdrop" time="15.712"/>
  <system-out/>
</testsuite> <!-- framewok1.Sridhar1 -->
