<?xml version="1.0" encoding="UTF-8"?>
<!-- Generated by org.testng.reporters.JUnitReportReporter -->
<testsuite hostname="LAPTOP-RGMCSVCU" failures="0" tests="3" name="testng.com.DataproviderNucot" time="26.798" errors="0" timestamp="2023-05-28T09:05:32 IST" skipped="0">
  <testcase classname="testng.com.DataproviderNucot" name="loginpage" time="16.259"/>
  <system-out/>
  <testcase classname="testng.com.DataproviderNucot" name="loginpage" time="5.301"/>
  <system-out/>
  <testcase classname="testng.com.DataproviderNucot" name="loginpage" time="5.238"/>
  <system-out/>
</testsuite> <!-- testng.com.DataproviderNucot -->
