<?xml version="1.0" encoding="UTF-8"?>
<!-- Generated by org.testng.reporters.JUnitReportReporter -->
<testsuite hostname="LAPTOP-RGMCSVCU" failures="0" tests="1" name="testng.com.MouseOver3" time="10.715" errors="0" timestamp="2023-06-04T19:14:36 IST" skipped="0">
  <testcase classname="testng.com.MouseOver3" name="doubleclick" time="10.715"/>
  <system-out/>
</testsuite> <!-- testng.com.MouseOver3 -->
